INFO main de.htwg.tictactoe.aview.tui - 
\-------\-------\-------\ \-------\-------\-------\
 \       \       \       \ \  000  \  010  \  020  \
  \-------\-------\-------\ \-------\-------\-------\
   \       \       \       \ \  100  \  110  \  120  \
    \-------\-------\-------\ \-------\-------\-------\
     \       \       \       \ \  200  \  210  \  220  \
      \-------\-------\-------\ \-------\-------\-------\

\-------\-------\-------\ \-------\-------\-------\
 \       \       \       \ \  001  \  011  \  021  \
  \-------\-------\-------\ \-------\-------\-------\
   \       \       \       \ \  101  \  111  \  121  \
    \-------\-------\-------\ \-------\-------\-------\
     \       \       \       \ \  201  \  211  \  221  \
      \-------\-------\-------\ \-------\-------\-------\

\-------\-------\-------\ \-------\-------\-------\
 \       \       \       \ \  002  \  012  \  022  \
  \-------\-------\-------\ \-------\-------\-------\
   \       \       \       \ \  102  \  112  \  122  \
    \-------\-------\-------\ \-------\-------\-------\
     \       \       \       \ \  202  \  212  \  222  \
      \-------\-------\-------\ \-------\-------\-------\

INFO main de.htwg.tictactoe.aview.tui - Welcome to HTWG TicTacToe 3D! 
please enter the two players name with - between then (don't forget no spacing)
INFO AWT-EventQueue-0 de.htwg.tictactoe.aview.tui - 
\-------\-------\-------\ \-------\-------\-------\
 \       \       \       \ \  000  \  010  \  020  \
  \-------\-------\-------\ \-------\-------\-------\
   \       \       \       \ \  100  \  110  \  120  \
    \-------\-------\-------\ \-------\-------\-------\
     \       \       \       \ \  200  \  210  \  220  \
      \-------\-------\-------\ \-------\-------\-------\

\-------\-------\-------\ \-------\-------\-------\
 \       \       \       \ \  001  \  011  \  021  \
  \-------\-------\-------\ \-------\-------\-------\
   \       \       \       \ \  101  \  111  \  121  \
    \-------\-------\-------\ \-------\-------\-------\
     \       \       \       \ \  201  \  211  \  221  \
      \-------\-------\-------\ \-------\-------\-------\

\-------\-------\-------\ \-------\-------\-------\
 \       \       \       \ \  002  \  012  \  022  \
  \-------\-------\-------\ \-------\-------\-------\
   \       \       \       \ \  102  \  112  \  122  \
    \-------\-------\-------\ \-------\-------\-------\
     \       \       \       \ \  202  \  212  \  222  \
      \-------\-------\-------\ \-------\-------\-------\

INFO AWT-EventQueue-0 de.htwg.tictactoe.aview.tui - Players are defined!!!! 
as you can start, the grids with the number in them are
 an example of what you should give here if you want to player in one of the cells,
 the 3 numbers are the row, column, grid. Now, MAKE YOU FIRST MOVE :) !!

